
> svelte-site@0.0.1 build
> vite build

[36mvite v7.2.7 [32mbuilding ssr environment for production...[36m[39m
transforming...
[32m[39m 3797 modules transformed.
rendering chunks...
[36mvite v7.2.7 [32mbuilding client environment for production...[36m[39m
transforming...
[32m[39m 3786 modules transformed.
rendering chunks...
computing gzip size...
[2m.svelte-kit/output/client/[22m[32m_app/version.json                       [39m[1m[2m  0.03 kB[22m[1m[22m[2m  gzip:  0.05 kB[22m
[2m.svelte-kit/output/client/[22m[32m.vite/manifest.json                     [39m[1m[2m 25.93 kB[22m[1m[22m[2m  gzip:  2.49 kB[22m
[2m.svelte-kit/output/client/[22m[35m_app/immutable/assets/26.cju3R6iM.css   [39m[1m[2m  0.53 kB[22m[1m[22m[2m  gzip:  0.28 kB[22m
[2m.svelte-kit/output/client/[22m[35m_app/immutable/assets/21.B-3_37AQ.css   [39m[1m[2m  0.53 kB[22m[1m[22m[2m  gzip:  0.28 kB[22m
[2m.svelte-kit/output/client/[22m[35m_app/immutable/assets/24.F62RRCNj.css   [39m[1m[2m  0.55 kB[22m[1m[22m[2m  gzip:  0.29 kB[22m
[2m.svelte-kit/output/client/[22m[35m_app/immutable/assets/22.Dv2CJNUL.css   [39m[1m[2m  0.89 kB[22m[1m[22m[2m  gzip:  0.37 kB[22m
[2m.svelte-kit/output/client/[22m[35m_app/immutable/assets/6.XbQ8J83m.css    [39m[1m[2m  2.62 kB[22m[1m[22m[2m  gzip:  0.78 kB[22m
[2m.svelte-kit/output/client/[22m[35m_app/immutable/assets/8.Dsqk64vG.css    [39m[1m[2m  7.09 kB[22m[1m[22m[2m  gzip:  1.82 kB[22m
[2m.svelte-kit/output/client/[22m[35m_app/immutable/assets/0.AuC8MkeQ.css    [39m[1m[2m 48.36 kB[22m[1m[22m[2m  gzip:  9.19 kB[22m
[2m.svelte-kit/output/client/[22m[36m_app/immutable/entry/start.DUv_1N5g.js  [39m[1m[2m  0.08 kB[22m[1m[22m[2m  gzip:  0.09 kB[22m
[2m.svelte-kit/output/client/[22m[36m_app/immutable/chunks/BGj-ZsQN.js       [39m[1m[2m  0.19 kB[22m[1m[22m[2m  gzip:  0.17 kB[22m
[2m.svelte-kit/output/client/[22m[36m_app/immutable/chunks/CrZ44sGb.js       [39m[1m[2m  0.20 kB[22m[1m[22m[2m  gzip:  0.18 kB[22m
[2m.svelte-kit/output/client/[22m[36m_app/immutable/nodes/2.BB54K1Bv.js      [39m[1m[2m  0.22 kB[22m[1m[22m[2m  gzip:  0.17 kB[22m
[2m.svelte-kit/output/client/[22m[36m_app/immutable/nodes/3.BB54K1Bv.js      [39m[1m[2m  0.22 kB[22m[1m[22m[2m  gzip:  0.17 kB[22m
[2m.svelte-kit/output/client/[22m[36m_app/immutable/nodes/4.BB54K1Bv.js      [39m[1m[2m  0.22 kB[22m[1m[22m[2m  gzip:  0.17 kB[22m
[2m.svelte-kit/output/client/[22m[36m_app/immutable/chunks/PZQF3Y50.js       [39m[1m[2m  0.23 kB[22m[1m[22m[2m  gzip:  0.19 kB[22m
[2m.svelte-kit/output/client/[22m[36m_app/immutable/chunks/DaioFwfn.js       [39m[1m[2m  0.25 kB[22m[1m[22m[2m  gzip:  0.20 kB[22m
[2m.svelte-kit/output/client/[22m[36m_app/immutable/chunks/BJZ-jA7m.js       [39m[1m[2m  0.45 kB[22m[1m[22m[2m  gzip:  0.32 kB[22m
[2m.svelte-kit/output/client/[22m[36m_app/immutable/chunks/BNG-JJN9.js       [39m[1m[2m  0.48 kB[22m[1m[22m[2m  gzip:  0.34 kB[22m
[2m.svelte-kit/output/client/[22m[36m_app/immutable/chunks/BUApaBEI.js       [39m[1m[2m  0.49 kB[22m[1m[22m[2m  gzip:  0.30 kB[22m
[2m.svelte-kit/output/client/[22m[36m_app/immutable/chunks/DEKQnmkY.js       [39m[1m[2m  0.50 kB[22m[1m[22m[2m  gzip:  0.36 kB[22m
[2m.svelte-kit/output/client/[22m[36m_app/immutable/chunks/BygFdk0d.js       [39m[1m[2m  0.53 kB[22m[1m[22m[2m  gzip:  0.38 kB[22m
[2m.svelte-kit/output/client/[22m[36m_app/immutable/chunks/CmEVmTvO.js       [39m[1m[2m  0.53 kB[22m[1m[22m[2m  gzip:  0.34 kB[22m
[2m.svelte-kit/output/client/[22m[36m_app/immutable/chunks/D3kYqz6j.js       [39m[1m[2m  0.54 kB[22m[1m[22m[2m  gzip:  0.36 kB[22m
[2m.svelte-kit/output/client/[22m[36m_app/immutable/chunks/DxIriZvm.js       [39m[1m[2m  0.55 kB[22m[1m[22m[2m  gzip:  0.37 kB[22m
[2m.svelte-kit/output/client/[22m[36m_app/immutable/chunks/wvErIrVZ.js       [39m[1m[2m  0.56 kB[22m[1m[22m[2m  gzip:  0.39 kB[22m
[2m.svelte-kit/output/client/[22m[36m_app/immutable/nodes/1.C0QebDgL.js      [39m[1m[2m  0.56 kB[22m[1m[22m[2m  gzip:  0.34 kB[22m
[2m.svelte-kit/output/client/[22m[36m_app/immutable/chunks/O9apaAtU.js       [39m[1m[2m  0.56 kB[22m[1m[22m[2m  gzip:  0.37 kB[22m
[2m.svelte-kit/output/client/[22m[36m_app/immutable/chunks/BlHZwd34.js       [39m[1m[2m  0.56 kB[22m[1m[22m[2m  gzip:  0.39 kB[22m
[2m.svelte-kit/output/client/[22m[36m_app/immutable/chunks/sA0dUqxn.js       [39m[1m[2m  0.57 kB[22m[1m[22m[2m  gzip:  0.40 kB[22m
[2m.svelte-kit/output/client/[22m[36m_app/immutable/chunks/BUmJ2Kd0.js       [39m[1m[2m  0.58 kB[22m[1m[22m[2m  gzip:  0.40 kB[22m
[2m.svelte-kit/output/client/[22m[36m_app/immutable/chunks/jB4ZGgVx.js       [39m[1m[2m  0.59 kB[22m[1m[22m[2m  gzip:  0.39 kB[22m
[2m.svelte-kit/output/client/[22m[36m_app/immutable/chunks/BBoaNq3u.js       [39m[1m[2m  0.59 kB[22m[1m[22m[2m  gzip:  0.39 kB[22m
[2m.svelte-kit/output/client/[22m[36m_app/immutable/chunks/DuyKRhc8.js       [39m[1m[2m  0.60 kB[22m[1m[22m[2m  gzip:  0.42 kB[22m
[2m.svelte-kit/output/client/[22m[36m_app/immutable/chunks/D6jdGk63.js       [39m[1m[2m  0.63 kB[22m[1m[22m[2m  gzip:  0.42 kB[22m
[2m.svelte-kit/output/client/[22m[36m_app/immutable/chunks/DZXaCDjb.js       [39m[1m[2m  0.64 kB[22m[1m[22m[2m  gzip:  0.42 kB[22m
[2m.svelte-kit/output/client/[22m[36m_app/immutable/chunks/DzpWxdGf.js       [39m[1m[2m  0.73 kB[22m[1m[22m[2m  gzip:  0.46 kB[22m
[2m.svelte-kit/output/client/[22m[36m_app/immutable/chunks/JH4rHA19.js       [39m[1m[2m  0.94 kB[22m[1m[22m[2m  gzip:  0.43 kB[22m
[2m.svelte-kit/output/client/[22m[36m_app/immutable/chunks/BXl3LOEh.js       [39m[1m[2m  1.11 kB[22m[1m[22m[2m  gzip:  0.65 kB[22m
[2m.svelte-kit/output/client/[22m[36m_app/immutable/chunks/KeQSjVL6.js       [39m[1m[2m  1.18 kB[22m[1m[22m[2m  gzip:  0.70 kB[22m
[2m.svelte-kit/output/client/[22m[36m_app/immutable/chunks/Cr4KoYLI.js       [39m[1m[2m  1.21 kB[22m[1m[22m[2m  gzip:  0.74 kB[22m
[2m.svelte-kit/output/client/[22m[36m_app/immutable/chunks/BUzcI0aO.js       [39m[1m[2m  1.31 kB[22m[1m[22m[2m  gzip:  0.70 kB[22m
[2m.svelte-kit/output/client/[22m[36m_app/immutable/chunks/B06D0iwt.js       [39m[1m[2m  1.44 kB[22m[1m[22m[2m  gzip:  0.85 kB[22m
[2m.svelte-kit/output/client/[22m[36m_app/immutable/chunks/DumiXAwv.js       [39m[1m[2m  1.53 kB[22m[1m[22m[2m  gzip:  0.67 kB[22m
[2m.svelte-kit/output/client/[22m[36m_app/immutable/chunks/DrfzNXk2.js       [39m[1m[2m  1.66 kB[22m[1m[22m[2m  gzip:  0.67 kB[22m
[2m.svelte-kit/output/client/[22m[36m_app/immutable/chunks/BhvIEIL-.js       [39m[1m[2m  1.93 kB[22m[1m[22m[2m  gzip:  0.94 kB[22m
[2m.svelte-kit/output/client/[22m[36m_app/immutable/chunks/Cw_SZe-E.js       [39m[1m[2m  3.58 kB[22m[1m[22m[2m  gzip:  1.47 kB[22m
[2m.svelte-kit/output/client/[22m[36m_app/immutable/nodes/0.81pCmYdD.js      [39m[1m[2m  4.24 kB[22m[1m[22m[2m  gzip:  1.84 kB[22m
[2m.svelte-kit/output/client/[22m[36m_app/immutable/nodes/7.DaVp9har.js      [39m[1m[2m  4.98 kB[22m[1m[22m[2m  gzip:  2.43 kB[22m
[2m.svelte-kit/output/client/[22m[36m_app/immutable/chunks/CXN3EcKo.js       [39m[1m[2m  6.75 kB[22m[1m[22m[2m  gzip:  3.02 kB[22m
[2m.svelte-kit/output/client/[22m[36m_app/immutable/nodes/21.COYUmnvY.js     [39m[1m[2m  7.56 kB[22m[1m[22m[2m  gzip:  3.07 kB[22m
[2m.svelte-kit/output/client/[22m[36m_app/immutable/nodes/26.B7UzU0zF.js     [39m[1m[2m  8.04 kB[22m[1m[22m[2m  gzip:  3.31 kB[22m
[2m.svelte-kit/output/client/[22m[36m_app/immutable/nodes/9.BsDbUFog.js      [39m[1m[2m  8.09 kB[22m[1m[22m[2m  gzip:  3.49 kB[22m
[2m.svelte-kit/output/client/[22m[36m_app/immutable/nodes/25.D5V1LJ9y.js     [39m[1m[2m  8.16 kB[22m[1m[22m[2m  gzip:  3.38 kB[22m
[2m.svelte-kit/output/client/[22m[36m_app/immutable/chunks/DPIiBGyV.js       [39m[1m[2m  8.26 kB[22m[1m[22m[2m  gzip:  2.87 kB[22m
[2m.svelte-kit/output/client/[22m[36m_app/immutable/nodes/12.QLNMpXxn.js     [39m[1m[2m  8.29 kB[22m[1m[22m[2m  gzip:  3.47 kB[22m
[2m.svelte-kit/output/client/[22m[36m_app/immutable/nodes/10.BNQ30mJf.js     [39m[1m[2m  8.43 kB[22m[1m[22m[2m  gzip:  3.47 kB[22m
[2m.svelte-kit/output/client/[22m[36m_app/immutable/nodes/13.CjLHXK9B.js     [39m[1m[2m  8.46 kB[22m[1m[22m[2m  gzip:  3.51 kB[22m
[2m.svelte-kit/output/client/[22m[36m_app/immutable/nodes/24.zrVsaB7C.js     [39m[1m[2m  8.67 kB[22m[1m[22m[2m  gzip:  3.37 kB[22m
[2m.svelte-kit/output/client/[22m[36m_app/immutable/nodes/14.DXdH5ms1.js     [39m[1m[2m  8.80 kB[22m[1m[22m[2m  gzip:  3.40 kB[22m
[2m.svelte-kit/output/client/[22m[36m_app/immutable/nodes/27.CGm_qj5F.js     [39m[1m[2m  8.87 kB[22m[1m[22m[2m  gzip:  3.18 kB[22m
[2m.svelte-kit/output/client/[22m[36m_app/immutable/nodes/22.GaCpOaav.js     [39m[1m[2m  9.05 kB[22m[1m[22m[2m  gzip:  3.49 kB[22m
[2m.svelte-kit/output/client/[22m[36m_app/immutable/nodes/11.DYbiVafQ.js     [39m[1m[2m  9.16 kB[22m[1m[22m[2m  gzip:  3.58 kB[22m
[2m.svelte-kit/output/client/[22m[36m_app/immutable/nodes/28.Bza4yAdL.js     [39m[1m[2m  9.28 kB[22m[1m[22m[2m  gzip:  3.78 kB[22m
[2m.svelte-kit/output/client/[22m[36m_app/immutable/nodes/6.BjZ2D7rQ.js      [39m[1m[2m  9.68 kB[22m[1m[22m[2m  gzip:  3.59 kB[22m
[2m.svelte-kit/output/client/[22m[36m_app/immutable/entry/app.CS6MmxcJ.js    [39m[1m[2m 10.54 kB[22m[1m[22m[2m  gzip:  3.39 kB[22m
[2m.svelte-kit/output/client/[22m[36m_app/immutable/nodes/23.biHQ6-LC.js     [39m[1m[2m 10.68 kB[22m[1m[22m[2m  gzip:  4.25 kB[22m
[2m.svelte-kit/output/client/[22m[36m_app/immutable/nodes/17.DyLogZgV.js     [39m[1m[2m 11.20 kB[22m[1m[22m[2m  gzip:  3.49 kB[22m
[2m.svelte-kit/output/client/[22m[36m_app/immutable/nodes/18.DxIoTVb1.js     [39m[1m[2m 11.26 kB[22m[1m[22m[2m  gzip:  3.51 kB[22m
[2m.svelte-kit/output/client/[22m[36m_app/immutable/nodes/16.n6mDO5VG.js     [39m[1m[2m 11.86 kB[22m[1m[22m[2m  gzip:  4.03 kB[22m
[2m.svelte-kit/output/client/[22m[36m_app/immutable/nodes/20.Dc5rTYNo.js     [39m[1m[2m 12.24 kB[22m[1m[22m[2m  gzip:  4.44 kB[22m
[2m.svelte-kit/output/client/[22m[36m_app/immutable/nodes/19.D5upIcX2.js     [39m[1m[2m 16.09 kB[22m[1m[22m[2m  gzip:  4.96 kB[22m
[2m.svelte-kit/output/client/[22m[36m_app/immutable/nodes/15.BriNH0B-.js     [39m[1m[2m 16.44 kB[22m[1m[22m[2m  gzip:  5.55 kB[22m
[2m.svelte-kit/output/client/[22m[36m_app/immutable/chunks/CZ0IfG7U.js       [39m[1m[2m 19.75 kB[22m[1m[22m[2m  gzip:  8.03 kB[22m
[2m.svelte-kit/output/client/[22m[36m_app/immutable/chunks/Boz4_rnh.js       [39m[1m[2m 23.81 kB[22m[1m[22m[2m  gzip:  9.26 kB[22m
[2m.svelte-kit/output/client/[22m[36m_app/immutable/chunks/ZdHllogj.js       [39m[1m[2m 27.48 kB[22m[1m[22m[2m  gzip: 10.83 kB[22m
[2m.svelte-kit/output/client/[22m[36m_app/immutable/nodes/5.B05xxmc_.js      [39m[1m[2m 34.60 kB[22m[1m[22m[2m  gzip: 11.86 kB[22m
[2m.svelte-kit/output/client/[22m[36m_app/immutable/nodes/8.D2sZSSBo.js      [39m[1m[2m118.71 kB[22m[1m[22m[2m  gzip: 37.69 kB[22m
[32m built in 10.75s[39m
node.exe : 
No linha:1 caractere:1
+ & "C:\Program 
Files\nodejs/node.exe" "C:\Program 
Files\nodejs/node_mo ...
+ ~~~~~~~~~~~~~~~~~~~~~~~~~~~~~~~~~~~
~~~~~~~~~~~~~~~~~~~~~~~~~~~~~~~~~~
    + CategoryInfo          : N    
otSpecified: (:String) [],     
RemoteException
    + FullyQualifiedErrorId : N    
ativeCommandError
 
[1;31m[404] GET /psicoterapia/[0m

node:internal/event_target:1101
  process.nextTick(() => { throw 
err; });
                           ^
Error: 404 /psicoterapia/ (linked 
from /blog/terapia-para-estudantes-uf
es-vitoria/)
To suppress or handle this error, 
implement `handleHttpError` in https:
//svelte.dev/docs/kit/configuration#p
rerender
    at file:///C:/Users/bcari/OneDriv
e/Desktop/Projetos/site_psicologo_ber
nardo/svelte-site/node_modules/@svelt
ejs/kit/src/core/config/options.js:22
0:13
    at file:///C:/Users/bcari/OneDriv
e/Desktop/Projetos/site_psicologo_ber
nardo/svelte-site/node_modules/@svelt
ejs/kit/src/core/postbuild/prerender.
js:75:25
    at save (file:///C:/Users/bcari/O
neDrive/Desktop/Projetos/site_psicolo
go_bernardo/svelte-site/node_modules/
@sveltejs/kit/src/core/postbuild/prer
ender.js:464:4)
    at visit (file:///C:/Users/bcari/
OneDrive/Desktop/Projetos/site_psicol
ogo_bernardo/svelte-site/node_modules
/@sveltejs/kit/src/core/postbuild/pre
render.js:283:3)

Node.js v22.20.0
